{"/home/mwibutsa/Desktop/projects/TodoList/App.js": {"path":"/home/mwibutsa/Desktop/projects/TodoList/App.js","statementMap":{"0":{"start":{"line":11,"column":0},"end":{"line":16,"column":3}},"1":{"start":{"line":19,"column":2},"end":{"line":28,"column":4}},"2":{"start":{"line":31,"column":15},"end":{"line":37,"column":2}}},"fnMap":{"0":{"name":"App","decl":{"start":{"line":18,"column":24},"end":{"line":18,"column":27}},"loc":{"start":{"line":18,"column":30},"end":{"line":29,"column":1}},"line":18}},"branchMap":{},"s":{"0":1,"1":1,"2":1},"f":{"0":1},"b":{},"_coverageSchema":"1a1c01bbd47fc00a2c39e90264f33305004495a9","hash":"ca8ca26ed975fdae5254b0bbffcb8ed21f106309"}
,"/home/mwibutsa/Desktop/projects/TodoList/ErrorBoundary.js": {"path":"/home/mwibutsa/Desktop/projects/TodoList/ErrorBoundary.js","statementMap":{"0":{"start":{"line":6,"column":4},"end":{"line":6,"column":17}},"1":{"start":{"line":7,"column":4},"end":{"line":7,"column":37}},"2":{"start":{"line":12,"column":4},"end":{"line":12,"column":38}},"3":{"start":{"line":13,"column":4},"end":{"line":13,"column":42}},"4":{"start":{"line":17,"column":4},"end":{"line":19,"column":5}},"5":{"start":{"line":18,"column":6},"end":{"line":18,"column":33}},"6":{"start":{"line":20,"column":4},"end":{"line":24,"column":6}},"7":{"start":{"line":27,"column":15},"end":{"line":34,"column":2}}},"fnMap":{"0":{"name":"(anonymous_0)","decl":{"start":{"line":5,"column":2},"end":{"line":5,"column":3}},"loc":{"start":{"line":5,"column":21},"end":{"line":8,"column":3}},"line":5},"1":{"name":"(anonymous_1)","decl":{"start":{"line":11,"column":2},"end":{"line":11,"column":3}},"loc":{"start":{"line":11,"column":27},"end":{"line":14,"column":3}},"line":11},"2":{"name":"(anonymous_2)","decl":{"start":{"line":16,"column":2},"end":{"line":16,"column":3}},"loc":{"start":{"line":16,"column":11},"end":{"line":25,"column":3}},"line":16}},"branchMap":{"0":{"loc":{"start":{"line":17,"column":4},"end":{"line":19,"column":5}},"type":"if","locations":[{"start":{"line":17,"column":4},"end":{"line":19,"column":5}},{"start":{"line":17,"column":4},"end":{"line":19,"column":5}}],"line":17}},"s":{"0":2,"1":2,"2":1,"3":1,"4":3,"5":2,"6":1,"7":2},"f":{"0":2,"1":1,"2":3},"b":{"0":[2,1]},"_coverageSchema":"1a1c01bbd47fc00a2c39e90264f33305004495a9","hash":"7fbb94211e8d7bebbf6b495f123fc04b1c2dbcb6"}
,"/home/mwibutsa/Desktop/projects/TodoList/customAxios.js": {"path":"/home/mwibutsa/Desktop/projects/TodoList/customAxios.js","statementMap":{"0":{"start":{"line":5,"column":0},"end":{"line":11,"column":2}},"1":{"start":{"line":6,"column":16},"end":{"line":6,"column":24}},"2":{"start":{"line":8,"column":4},"end":{"line":8,"column":42}},"3":{"start":{"line":9,"column":4},"end":{"line":9,"column":33}}},"fnMap":{"0":{"name":"(anonymous_0)","decl":{"start":{"line":6,"column":2},"end":{"line":6,"column":3}},"loc":{"start":{"line":6,"column":16},"end":{"line":6,"column":24}},"line":6},"1":{"name":"(anonymous_1)","decl":{"start":{"line":7,"column":2},"end":{"line":7,"column":3}},"loc":{"start":{"line":7,"column":13},"end":{"line":10,"column":3}},"line":7}},"branchMap":{},"s":{"0":3,"1":1,"2":1,"3":1},"f":{"0":1,"1":1},"b":{},"_coverageSchema":"1a1c01bbd47fc00a2c39e90264f33305004495a9","hash":"8abb7931889e65441387ca3ba3823fd122fafce9"}
,"/home/mwibutsa/Desktop/projects/TodoList/assets/icons/completed.png": {"path":"/home/mwibutsa/Desktop/projects/TodoList/assets/icons/completed.png","statementMap":{"0":{"start":{"line":1,"column":0},"end":{"line":1,"column":19}}},"fnMap":{},"branchMap":{},"s":{"0":4},"f":{},"b":{},"inputSourceMap":null,"_coverageSchema":"1a1c01bbd47fc00a2c39e90264f33305004495a9","hash":"9ea63d5b1928ab013909600b8ef4ae97d48d3655"}
,"/home/mwibutsa/Desktop/projects/TodoList/assets/icons/inprogress.png": {"path":"/home/mwibutsa/Desktop/projects/TodoList/assets/icons/inprogress.png","statementMap":{"0":{"start":{"line":1,"column":0},"end":{"line":1,"column":19}}},"fnMap":{},"branchMap":{},"s":{"0":4},"f":{},"b":{},"inputSourceMap":null,"_coverageSchema":"1a1c01bbd47fc00a2c39e90264f33305004495a9","hash":"016aa1a9b61ad3c8dfe5138038355761cf3fc587"}
,"/home/mwibutsa/Desktop/projects/TodoList/assets/icons/list-all.png": {"path":"/home/mwibutsa/Desktop/projects/TodoList/assets/icons/list-all.png","statementMap":{"0":{"start":{"line":1,"column":0},"end":{"line":1,"column":19}}},"fnMap":{},"branchMap":{},"s":{"0":3},"f":{},"b":{},"inputSourceMap":null,"_coverageSchema":"1a1c01bbd47fc00a2c39e90264f33305004495a9","hash":"cd3795f2b2d0284803bf8ad93dd432b4f045cb44"}
,"/home/mwibutsa/Desktop/projects/TodoList/assets/icons/logo.png": {"path":"/home/mwibutsa/Desktop/projects/TodoList/assets/icons/logo.png","statementMap":{"0":{"start":{"line":1,"column":0},"end":{"line":1,"column":19}}},"fnMap":{},"branchMap":{},"s":{"0":3},"f":{},"b":{},"inputSourceMap":null,"_coverageSchema":"1a1c01bbd47fc00a2c39e90264f33305004495a9","hash":"be15ecbc41d71b2f71055d55dba697d1a3404f93"}
,"/home/mwibutsa/Desktop/projects/TodoList/assets/icons/undone.png": {"path":"/home/mwibutsa/Desktop/projects/TodoList/assets/icons/undone.png","statementMap":{"0":{"start":{"line":1,"column":0},"end":{"line":1,"column":19}}},"fnMap":{},"branchMap":{},"s":{"0":4},"f":{},"b":{},"inputSourceMap":null,"_coverageSchema":"1a1c01bbd47fc00a2c39e90264f33305004495a9","hash":"ec2ff108b3cbcf3fe95b852a57ee28d3e10aade7"}
,"/home/mwibutsa/Desktop/projects/TodoList/components/Header/index.js": {"path":"/home/mwibutsa/Desktop/projects/TodoList/components/Header/index.js","statementMap":{"0":{"start":{"line":12,"column":25},"end":{"line":17,"column":1}},"1":{"start":{"line":13,"column":2},"end":{"line":15,"column":3}},"2":{"start":{"line":14,"column":4},"end":{"line":14,"column":71}},"3":{"start":{"line":14,"column":41},"end":{"line":14,"column":62}},"4":{"start":{"line":16,"column":2},"end":{"line":16,"column":11}},"5":{"start":{"line":19,"column":15},"end":{"line":56,"column":1}},"6":{"start":{"line":20,"column":2},"end":{"line":55,"column":9}},"7":{"start":{"line":31,"column":23},"end":{"line":31,"column":47}},"8":{"start":{"line":38,"column":23},"end":{"line":38,"column":51}},"9":{"start":{"line":45,"column":23},"end":{"line":45,"column":44}},"10":{"start":{"line":52,"column":23},"end":{"line":52,"column":40}},"11":{"start":{"line":58,"column":0},"end":{"line":60,"column":2}}},"fnMap":{"0":{"name":"(anonymous_0)","decl":{"start":{"line":12,"column":25},"end":{"line":12,"column":26}},"loc":{"start":{"line":12,"column":48},"end":{"line":17,"column":1}},"line":12},"1":{"name":"(anonymous_1)","decl":{"start":{"line":14,"column":25},"end":{"line":14,"column":26}},"loc":{"start":{"line":14,"column":41},"end":{"line":14,"column":62}},"line":14},"2":{"name":"(anonymous_2)","decl":{"start":{"line":19,"column":15},"end":{"line":19,"column":16}},"loc":{"start":{"line":20,"column":2},"end":{"line":55,"column":9}},"line":20},"3":{"name":"(anonymous_3)","decl":{"start":{"line":31,"column":17},"end":{"line":31,"column":18}},"loc":{"start":{"line":31,"column":23},"end":{"line":31,"column":47}},"line":31},"4":{"name":"(anonymous_4)","decl":{"start":{"line":38,"column":17},"end":{"line":38,"column":18}},"loc":{"start":{"line":38,"column":23},"end":{"line":38,"column":51}},"line":38},"5":{"name":"(anonymous_5)","decl":{"start":{"line":45,"column":17},"end":{"line":45,"column":18}},"loc":{"start":{"line":45,"column":23},"end":{"line":45,"column":44}},"line":45},"6":{"name":"(anonymous_6)","decl":{"start":{"line":52,"column":17},"end":{"line":52,"column":18}},"loc":{"start":{"line":52,"column":23},"end":{"line":52,"column":40}},"line":52}},"branchMap":{"0":{"loc":{"start":{"line":13,"column":2},"end":{"line":15,"column":3}},"type":"if","locations":[{"start":{"line":13,"column":2},"end":{"line":15,"column":3}},{"start":{"line":13,"column":2},"end":{"line":15,"column":3}}],"line":13}},"s":{"0":3,"1":33,"2":21,"3":60,"4":12,"5":3,"6":11,"7":2,"8":2,"9":2,"10":2,"11":3},"f":{"0":33,"1":60,"2":11,"3":2,"4":2,"5":2,"6":2},"b":{"0":[21,12]},"_coverageSchema":"1a1c01bbd47fc00a2c39e90264f33305004495a9","hash":"6427456f37e6ba20af63566cf9428abe8f0ad4e6"}
,"/home/mwibutsa/Desktop/projects/TodoList/components/Header/styles.js": {"path":"/home/mwibutsa/Desktop/projects/TodoList/components/Header/styles.js","statementMap":{"0":{"start":{"line":3,"column":15},"end":{"line":36,"column":2}}},"fnMap":{},"branchMap":{},"s":{"0":3},"f":{},"b":{},"_coverageSchema":"1a1c01bbd47fc00a2c39e90264f33305004495a9","hash":"6f1966c8b1a33e88c42698dfcce45121c79b1f5d"}
,"/home/mwibutsa/Desktop/projects/TodoList/components/TaskItem/index.js": {"path":"/home/mwibutsa/Desktop/projects/TodoList/components/TaskItem/index.js","statementMap":{"0":{"start":{"line":9,"column":17},"end":{"line":34,"column":1}},"1":{"start":{"line":12,"column":25},"end":{"line":15,"column":3}},"2":{"start":{"line":17,"column":22},"end":{"line":21,"column":3}},"3":{"start":{"line":23,"column":2},"end":{"line":33,"column":4}},"4":{"start":{"line":36,"column":0},"end":{"line":40,"column":2}}},"fnMap":{"0":{"name":"(anonymous_0)","decl":{"start":{"line":9,"column":17},"end":{"line":9,"column":18}},"loc":{"start":{"line":9,"column":48},"end":{"line":34,"column":1}},"line":9}},"branchMap":{},"s":{"0":3,"1":12,"2":12,"3":12,"4":3},"f":{"0":12},"b":{},"_coverageSchema":"1a1c01bbd47fc00a2c39e90264f33305004495a9","hash":"e60cb6967a334510a6f588d7d21d3368a9534b63"}
,"/home/mwibutsa/Desktop/projects/TodoList/components/TaskItem/styles.js": {"path":"/home/mwibutsa/Desktop/projects/TodoList/components/TaskItem/styles.js","statementMap":{"0":{"start":{"line":3,"column":15},"end":{"line":40,"column":2}}},"fnMap":{},"branchMap":{},"s":{"0":3},"f":{},"b":{},"_coverageSchema":"1a1c01bbd47fc00a2c39e90264f33305004495a9","hash":"6e7816620975143e3ea1dd6e53341092fa7cca1c"}
,"/home/mwibutsa/Desktop/projects/TodoList/components/TaskStatisticCard/index.js": {"path":"/home/mwibutsa/Desktop/projects/TodoList/components/TaskStatisticCard/index.js","statementMap":{"0":{"start":{"line":5,"column":26},"end":{"line":39,"column":1}},"1":{"start":{"line":13,"column":17},"end":{"line":18,"column":3}},"2":{"start":{"line":20,"column":2},"end":{"line":24,"column":3}},"3":{"start":{"line":21,"column":4},"end":{"line":23,"column":6}},"4":{"start":{"line":26,"column":2},"end":{"line":38,"column":4}},"5":{"start":{"line":41,"column":0},"end":{"line":45,"column":2}}},"fnMap":{"0":{"name":"(anonymous_0)","decl":{"start":{"line":5,"column":26},"end":{"line":5,"column":27}},"loc":{"start":{"line":11,"column":6},"end":{"line":39,"column":1}},"line":11}},"branchMap":{"0":{"loc":{"start":{"line":20,"column":2},"end":{"line":24,"column":3}},"type":"if","locations":[{"start":{"line":20,"column":2},"end":{"line":24,"column":3}},{"start":{"line":20,"column":2},"end":{"line":24,"column":3}}],"line":20}},"s":{"0":4,"1":45,"2":45,"3":7,"4":45,"5":4},"f":{"0":45},"b":{"0":[7,38]},"_coverageSchema":"1a1c01bbd47fc00a2c39e90264f33305004495a9","hash":"280bc82bdbb03282df2d0cb6237de45534c6ef05"}
,"/home/mwibutsa/Desktop/projects/TodoList/components/TaskStatisticCard/styles.js": {"path":"/home/mwibutsa/Desktop/projects/TodoList/components/TaskStatisticCard/styles.js","statementMap":{"0":{"start":{"line":3,"column":15},"end":{"line":45,"column":2}}},"fnMap":{},"branchMap":{},"s":{"0":4},"f":{},"b":{},"_coverageSchema":"1a1c01bbd47fc00a2c39e90264f33305004495a9","hash":"485308f40d4911ade4ecbaf47e6ff3e6cbe31292"}
,"/home/mwibutsa/Desktop/projects/TodoList/components/TodoList/index.js": {"path":"/home/mwibutsa/Desktop/projects/TodoList/components/TodoList/index.js","statementMap":{"0":{"start":{"line":9,"column":17},"end":{"line":81,"column":1}},"1":{"start":{"line":10,"column":19},"end":{"line":10,"column":32}},"2":{"start":{"line":11,"column":46},"end":{"line":11,"column":58}},"3":{"start":{"line":12,"column":54},"end":{"line":12,"column":66}},"4":{"start":{"line":18,"column":6},"end":{"line":18,"column":45}},"5":{"start":{"line":18,"column":36},"end":{"line":18,"column":44}},"6":{"start":{"line":21,"column":2},"end":{"line":23,"column":17}},"7":{"start":{"line":22,"column":4},"end":{"line":22,"column":28}},"8":{"start":{"line":26,"column":2},"end":{"line":30,"column":14}},"9":{"start":{"line":27,"column":4},"end":{"line":29,"column":5}},"10":{"start":{"line":28,"column":6},"end":{"line":28,"column":43}},"11":{"start":{"line":32,"column":29},"end":{"line":39,"column":3}},"12":{"start":{"line":33,"column":4},"end":{"line":33,"column":34}},"13":{"start":{"line":34,"column":4},"end":{"line":36,"column":5}},"14":{"start":{"line":35,"column":6},"end":{"line":35,"column":31}},"15":{"start":{"line":37,"column":26},"end":{"line":37,"column":72}},"16":{"start":{"line":37,"column":49},"end":{"line":37,"column":71}},"17":{"start":{"line":38,"column":4},"end":{"line":38,"column":37}},"18":{"start":{"line":42,"column":2},"end":{"line":48,"column":3}},"19":{"start":{"line":43,"column":4},"end":{"line":47,"column":6}},"20":{"start":{"line":50,"column":2},"end":{"line":80,"column":4}},"21":{"start":{"line":65,"column":12},"end":{"line":69,"column":14}},"22":{"start":{"line":71,"column":34},"end":{"line":71,"column":46}}},"fnMap":{"0":{"name":"(anonymous_0)","decl":{"start":{"line":9,"column":17},"end":{"line":9,"column":18}},"loc":{"start":{"line":9,"column":23},"end":{"line":81,"column":1}},"line":9},"1":{"name":"(anonymous_1)","decl":{"start":{"line":18,"column":18},"end":{"line":18,"column":19}},"loc":{"start":{"line":18,"column":36},"end":{"line":18,"column":44}},"line":18},"2":{"name":"(anonymous_2)","decl":{"start":{"line":21,"column":12},"end":{"line":21,"column":13}},"loc":{"start":{"line":21,"column":18},"end":{"line":23,"column":3}},"line":21},"3":{"name":"(anonymous_3)","decl":{"start":{"line":26,"column":12},"end":{"line":26,"column":13}},"loc":{"start":{"line":26,"column":18},"end":{"line":30,"column":3}},"line":26},"4":{"name":"(anonymous_4)","decl":{"start":{"line":32,"column":29},"end":{"line":32,"column":30}},"loc":{"start":{"line":32,"column":41},"end":{"line":39,"column":3}},"line":32},"5":{"name":"(anonymous_5)","decl":{"start":{"line":37,"column":39},"end":{"line":37,"column":40}},"loc":{"start":{"line":37,"column":49},"end":{"line":37,"column":71}},"line":37},"6":{"name":"(anonymous_6)","decl":{"start":{"line":64,"column":22},"end":{"line":64,"column":23}},"loc":{"start":{"line":65,"column":12},"end":{"line":69,"column":14}},"line":65},"7":{"name":"(anonymous_7)","decl":{"start":{"line":71,"column":24},"end":{"line":71,"column":25}},"loc":{"start":{"line":71,"column":34},"end":{"line":71,"column":46}},"line":71}},"branchMap":{"0":{"loc":{"start":{"line":27,"column":4},"end":{"line":29,"column":5}},"type":"if","locations":[{"start":{"line":27,"column":4},"end":{"line":29,"column":5}},{"start":{"line":27,"column":4},"end":{"line":29,"column":5}}],"line":27},"1":{"loc":{"start":{"line":34,"column":4},"end":{"line":36,"column":5}},"type":"if","locations":[{"start":{"line":34,"column":4},"end":{"line":36,"column":5}},{"start":{"line":34,"column":4},"end":{"line":36,"column":5}}],"line":34},"2":{"loc":{"start":{"line":42,"column":2},"end":{"line":48,"column":3}},"type":"if","locations":[{"start":{"line":42,"column":2},"end":{"line":48,"column":3}},{"start":{"line":42,"column":2},"end":{"line":48,"column":3}}],"line":42},"3":{"loc":{"start":{"line":52,"column":7},"end":{"line":78,"column":7}},"type":"cond-expr","locations":[{"start":{"line":53,"column":8},"end":{"line":72,"column":10}},{"start":{"line":74,"column":8},"end":{"line":77,"column":15}}],"line":52},"4":{"loc":{"start":{"line":62,"column":16},"end":{"line":62,"column":62}},"type":"cond-expr","locations":[{"start":{"line":62,"column":40},"end":{"line":62,"column":54}},{"start":{"line":62,"column":57},"end":{"line":62,"column":62}}],"line":62}},"s":{"0":2,"1":11,"2":11,"3":11,"4":11,"5":29,"6":11,"7":6,"8":11,"9":6,"10":1,"11":11,"12":4,"13":4,"14":1,"15":4,"16":12,"17":4,"18":11,"19":2,"20":9,"21":11,"22":14},"f":{"0":11,"1":29,"2":6,"3":6,"4":4,"5":12,"6":11,"7":14},"b":{"0":[1,5],"1":[1,3],"2":[2,9],"3":[6,3],"4":[3,3]},"_coverageSchema":"1a1c01bbd47fc00a2c39e90264f33305004495a9","hash":"bab9fd1a394426efe9e8ea7787955a7974f03e6a"}
,"/home/mwibutsa/Desktop/projects/TodoList/components/TodoList/styles.js": {"path":"/home/mwibutsa/Desktop/projects/TodoList/components/TodoList/styles.js","statementMap":{"0":{"start":{"line":3,"column":15},"end":{"line":20,"column":2}}},"fnMap":{},"branchMap":{},"s":{"0":2},"f":{},"b":{},"_coverageSchema":"1a1c01bbd47fc00a2c39e90264f33305004495a9","hash":"8c18359f742a052b8766b5edd12462521bb235c5"}
,"/home/mwibutsa/Desktop/projects/TodoList/redux/store.js": {"path":"/home/mwibutsa/Desktop/projects/TodoList/redux/store.js","statementMap":{"0":{"start":{"line":7,"column":20},"end":{"line":9,"column":2}},"1":{"start":{"line":11,"column":14},"end":{"line":14,"column":1}}},"fnMap":{},"branchMap":{},"s":{"0":1,"1":1},"f":{},"b":{},"_coverageSchema":"1a1c01bbd47fc00a2c39e90264f33305004495a9","hash":"27531b9b981bae7be770fd0267bdd05c894ce8b7"}
,"/home/mwibutsa/Desktop/projects/TodoList/redux/actionTypes/index.js": {"path":"/home/mwibutsa/Desktop/projects/TodoList/redux/actionTypes/index.js","statementMap":{"0":{"start":{"line":1,"column":31},"end":{"line":1,"column":48}},"1":{"start":{"line":2,"column":33},"end":{"line":2,"column":52}},"2":{"start":{"line":3,"column":33},"end":{"line":3,"column":52}}},"fnMap":{},"branchMap":{},"s":{"0":3,"1":3,"2":3},"f":{},"b":{},"_coverageSchema":"1a1c01bbd47fc00a2c39e90264f33305004495a9","hash":"1b44f4a3a5005e912a964021f4586661cc17226e"}
,"/home/mwibutsa/Desktop/projects/TodoList/redux/actions/index.js": {"path":"/home/mwibutsa/Desktop/projects/TodoList/redux/actions/index.js","statementMap":{"0":{"start":{"line":10,"column":22},"end":{"line":12,"column":2}},"1":{"start":{"line":10,"column":29},"end":{"line":12,"column":1}},"2":{"start":{"line":15,"column":24},"end":{"line":18,"column":2}},"3":{"start":{"line":15,"column":35},"end":{"line":18,"column":1}},"4":{"start":{"line":21,"column":24},"end":{"line":26,"column":2}},"5":{"start":{"line":21,"column":36},"end":{"line":26,"column":1}},"6":{"start":{"line":28,"column":20},"end":{"line":38,"column":1}},"7":{"start":{"line":28,"column":26},"end":{"line":38,"column":1}},"8":{"start":{"line":29,"column":2},"end":{"line":37,"column":3}},"9":{"start":{"line":30,"column":4},"end":{"line":30,"column":30}},"10":{"start":{"line":31,"column":21},"end":{"line":33,"column":5}},"11":{"start":{"line":34,"column":4},"end":{"line":34,"column":36}},"12":{"start":{"line":36,"column":4},"end":{"line":36,"column":37}}},"fnMap":{"0":{"name":"(anonymous_0)","decl":{"start":{"line":10,"column":22},"end":{"line":10,"column":23}},"loc":{"start":{"line":10,"column":29},"end":{"line":12,"column":1}},"line":10},"1":{"name":"(anonymous_1)","decl":{"start":{"line":15,"column":24},"end":{"line":15,"column":25}},"loc":{"start":{"line":15,"column":35},"end":{"line":18,"column":1}},"line":15},"2":{"name":"(anonymous_2)","decl":{"start":{"line":21,"column":24},"end":{"line":21,"column":25}},"loc":{"start":{"line":21,"column":36},"end":{"line":26,"column":1}},"line":21},"3":{"name":"(anonymous_3)","decl":{"start":{"line":28,"column":20},"end":{"line":28,"column":21}},"loc":{"start":{"line":28,"column":26},"end":{"line":38,"column":1}},"line":28},"4":{"name":"(anonymous_4)","decl":{"start":{"line":28,"column":26},"end":{"line":28,"column":27}},"loc":{"start":{"line":28,"column":46},"end":{"line":38,"column":1}},"line":28}},"branchMap":{},"s":{"0":2,"1":6,"2":2,"3":1,"4":2,"5":4,"6":2,"7":6,"8":6,"9":6,"10":6,"11":1,"12":4},"f":{"0":6,"1":1,"2":4,"3":6,"4":6},"b":{},"_coverageSchema":"1a1c01bbd47fc00a2c39e90264f33305004495a9","hash":"3e1efc3d1bef9b235eb491a70b9005cc9fdd2a1e"}
,"/home/mwibutsa/Desktop/projects/TodoList/redux/reducers/index.js": {"path":"/home/mwibutsa/Desktop/projects/TodoList/redux/reducers/index.js","statementMap":{"0":{"start":{"line":7,"column":21},"end":{"line":11,"column":1}},"1":{"start":{"line":14,"column":2},"end":{"line":35,"column":3}},"2":{"start":{"line":16,"column":6},"end":{"line":20,"column":8}},"3":{"start":{"line":22,"column":6},"end":{"line":26,"column":8}},"4":{"start":{"line":28,"column":6},"end":{"line":32,"column":8}},"5":{"start":{"line":34,"column":6},"end":{"line":34,"column":19}}},"fnMap":{"0":{"name":"(anonymous_0)","decl":{"start":{"line":13,"column":15},"end":{"line":13,"column":16}},"loc":{"start":{"line":13,"column":60},"end":{"line":36,"column":1}},"line":13}},"branchMap":{"0":{"loc":{"start":{"line":13,"column":16},"end":{"line":13,"column":36}},"type":"default-arg","locations":[{"start":{"line":13,"column":24},"end":{"line":13,"column":36}}],"line":13},"1":{"loc":{"start":{"line":14,"column":2},"end":{"line":35,"column":3}},"type":"switch","locations":[{"start":{"line":15,"column":4},"end":{"line":20,"column":8}},{"start":{"line":21,"column":4},"end":{"line":26,"column":8}},{"start":{"line":27,"column":4},"end":{"line":32,"column":8}},{"start":{"line":33,"column":4},"end":{"line":34,"column":19}}],"line":14}},"s":{"0":2,"1":7,"2":2,"3":1,"4":1,"5":3},"f":{"0":7},"b":{"0":[3],"1":[2,1,1,3]},"_coverageSchema":"1a1c01bbd47fc00a2c39e90264f33305004495a9","hash":"6d7ca73256fbec5d10fc3609ffc82fcb08ada19f"}
}
