TN:
SF:App.js
FN:18,App
FNF:1
FNH:1
FNDA:1,App
DA:11,1
DA:19,1
DA:31,1
LF:3
LH:3
BRF:0
BRH:0
end_of_record
TN:
SF:ErrorBoundary.js
FN:5,(anonymous_0)
FN:11,(anonymous_1)
FN:16,(anonymous_2)
FNF:3
FNH:3
FNDA:2,(anonymous_0)
FNDA:1,(anonymous_1)
FNDA:3,(anonymous_2)
DA:6,2
DA:7,2
DA:12,1
DA:13,1
DA:17,3
DA:18,2
DA:20,1
DA:27,2
LF:8
LH:8
BRDA:17,0,0,2
BRDA:17,0,1,1
BRF:2
BRH:2
end_of_record
TN:
SF:customAxios.js
FN:6,(anonymous_0)
FN:7,(anonymous_1)
FNF:2
FNH:2
FNDA:1,(anonymous_0)
FNDA:1,(anonymous_1)
DA:5,3
DA:6,1
DA:8,1
DA:9,1
LF:4
LH:4
BRF:0
BRH:0
end_of_record
TN:
SF:assets/icons/completed.png
FNF:0
FNH:0
DA:1,4
LF:1
LH:1
BRF:0
BRH:0
end_of_record
TN:
SF:assets/icons/inprogress.png
FNF:0
FNH:0
DA:1,4
LF:1
LH:1
BRF:0
BRH:0
end_of_record
TN:
SF:assets/icons/list-all.png
FNF:0
FNH:0
DA:1,3
LF:1
LH:1
BRF:0
BRH:0
end_of_record
TN:
SF:assets/icons/logo.png
FNF:0
FNH:0
DA:1,3
LF:1
LH:1
BRF:0
BRH:0
end_of_record
TN:
SF:assets/icons/undone.png
FNF:0
FNH:0
DA:1,4
LF:1
LH:1
BRF:0
BRH:0
end_of_record
TN:
SF:components/Header/index.js
FN:12,(anonymous_0)
FN:14,(anonymous_1)
FN:19,(anonymous_2)
FN:31,(anonymous_3)
FN:38,(anonymous_4)
FN:45,(anonymous_5)
FN:52,(anonymous_6)
FNF:7
FNH:7
FNDA:33,(anonymous_0)
FNDA:60,(anonymous_1)
FNDA:11,(anonymous_2)
FNDA:2,(anonymous_3)
FNDA:2,(anonymous_4)
FNDA:2,(anonymous_5)
FNDA:2,(anonymous_6)
DA:12,3
DA:13,33
DA:14,60
DA:16,12
DA:19,3
DA:20,11
DA:31,2
DA:38,2
DA:45,2
DA:52,2
DA:58,3
LF:11
LH:11
BRDA:13,0,0,21
BRDA:13,0,1,12
BRF:2
BRH:2
end_of_record
TN:
SF:components/Header/styles.js
FNF:0
FNH:0
DA:3,3
LF:1
LH:1
BRF:0
BRH:0
end_of_record
TN:
SF:components/TaskItem/index.js
FN:9,(anonymous_0)
FNF:1
FNH:1
FNDA:12,(anonymous_0)
DA:9,3
DA:12,12
DA:17,12
DA:23,12
DA:36,3
LF:5
LH:5
BRF:0
BRH:0
end_of_record
TN:
SF:components/TaskItem/styles.js
FNF:0
FNH:0
DA:3,3
LF:1
LH:1
BRF:0
BRH:0
end_of_record
TN:
SF:components/TaskStatisticCard/index.js
FN:5,(anonymous_0)
FNF:1
FNH:1
FNDA:45,(anonymous_0)
DA:5,4
DA:13,45
DA:20,45
DA:21,7
DA:26,45
DA:41,4
LF:6
LH:6
BRDA:20,0,0,7
BRDA:20,0,1,38
BRF:2
BRH:2
end_of_record
TN:
SF:components/TaskStatisticCard/styles.js
FNF:0
FNH:0
DA:3,4
LF:1
LH:1
BRF:0
BRH:0
end_of_record
TN:
SF:components/TodoList/index.js
FN:9,(anonymous_0)
FN:18,(anonymous_1)
FN:21,(anonymous_2)
FN:26,(anonymous_3)
FN:32,(anonymous_4)
FN:37,(anonymous_5)
FN:64,(anonymous_6)
FN:71,(anonymous_7)
FNF:8
FNH:8
FNDA:11,(anonymous_0)
FNDA:29,(anonymous_1)
FNDA:6,(anonymous_2)
FNDA:6,(anonymous_3)
FNDA:4,(anonymous_4)
FNDA:12,(anonymous_5)
FNDA:11,(anonymous_6)
FNDA:14,(anonymous_7)
DA:9,2
DA:10,11
DA:11,11
DA:12,11
DA:18,29
DA:21,11
DA:22,6
DA:26,11
DA:27,6
DA:28,1
DA:32,11
DA:33,4
DA:34,4
DA:35,1
DA:37,12
DA:38,4
DA:42,11
DA:43,2
DA:50,9
DA:65,11
DA:71,14
LF:21
LH:21
BRDA:27,0,0,1
BRDA:27,0,1,5
BRDA:34,1,0,1
BRDA:34,1,1,3
BRDA:42,2,0,2
BRDA:42,2,1,9
BRDA:52,3,0,6
BRDA:52,3,1,3
BRDA:62,4,0,3
BRDA:62,4,1,3
BRF:10
BRH:10
end_of_record
TN:
SF:components/TodoList/styles.js
FNF:0
FNH:0
DA:3,2
LF:1
LH:1
BRF:0
BRH:0
end_of_record
TN:
SF:redux/store.js
FNF:0
FNH:0
DA:7,1
DA:11,1
LF:2
LH:2
BRF:0
BRH:0
end_of_record
TN:
SF:redux/actionTypes/index.js
FNF:0
FNH:0
DA:1,3
DA:2,3
DA:3,3
LF:3
LH:3
BRF:0
BRH:0
end_of_record
TN:
SF:redux/actions/index.js
FN:10,(anonymous_0)
FN:15,(anonymous_1)
FN:21,(anonymous_2)
FN:28,(anonymous_3)
FN:28,(anonymous_4)
FNF:5
FNH:5
FNDA:6,(anonymous_0)
FNDA:1,(anonymous_1)
FNDA:4,(anonymous_2)
FNDA:6,(anonymous_3)
FNDA:6,(anonymous_4)
DA:10,6
DA:15,2
DA:21,4
DA:28,6
DA:29,6
DA:30,6
DA:31,6
DA:34,1
DA:36,4
LF:9
LH:9
BRF:0
BRH:0
end_of_record
TN:
SF:redux/reducers/index.js
FN:13,(anonymous_0)
FNF:1
FNH:1
FNDA:7,(anonymous_0)
DA:7,2
DA:14,7
DA:16,2
DA:22,1
DA:28,1
DA:34,3
LF:6
LH:6
BRDA:13,0,0,3
BRDA:14,1,0,2
BRDA:14,1,1,1
BRDA:14,1,2,1
BRDA:14,1,3,3
BRF:5
BRH:5
end_of_record
